<?xml version="1.0" encoding="UTF-8"?>
<testng-results skipped="0" failed="0" ignored="0" total="1" passed="1">
  <reporter-output>
  </reporter-output>
  <suite name="Default suite" duration-ms="3729" started-at="2018-07-03T02:15:19Z" finished-at="2018-07-03T02:15:23Z">
    <groups>
    </groups>
    <test name="Default test" duration-ms="3729" started-at="2018-07-03T02:15:19Z" finished-at="2018-07-03T02:15:23Z">
      <class name="com.TestCases.ExcelTest">
        <test-method status="PASS" signature="f()[pri:0, instance:com.TestCases.ExcelTest@1a968a59]" name="f" duration-ms="3598" started-at="2018-07-03T07:45:19Z" finished-at="2018-07-03T07:45:23Z">
          <reporter-output>
          </reporter-output>
        </test-method> <!-- f -->
      </class> <!-- com.TestCases.ExcelTest -->
    </test> <!-- Default test -->
  </suite> <!-- Default suite -->
</testng-results>
